<?xml version="1.0" encoding="UTF-8"?>
<!-- Generated by org.testng.reporters.JUnitReportReporter -->
<testsuite hostname="Lokesh" failures="0" tests="1" name="Scripts.CreateOrder" time="54.761" errors="0" timestamp="2023-05-29T22:58:54 IST" skipped="0">
  <testcase classname="Scripts.CreateOrder" name="createOrderTest" time="54.761"/>
  <system-out/>
</testsuite> <!-- Scripts.CreateOrder -->
